app/build/intermediates/proguard-rules/gmatclub/release/aapt_rules.txt
# Referenced at res/layout/content_facebook.xml:2
-keep class android.support.constraint.ConstraintLayout { <init>(...); }

# Referenced at res/layout/design_bottom_navigation_item.xml:26
-keep class android.support.design.internal.BaselineLayout { <init>(...); }

# Referenced at res/layout/design_navigation_item.xml:17
-keep class android.support.design.internal.NavigationMenuItemView { <init>(...); }

# Referenced at res/layout/design_navigation_menu.xml:17
-keep class android.support.design.internal.NavigationMenuView { <init>(...); }

# Referenced at res/layout/design_layout_snackbar_include.xml:18
-keep class android.support.design.internal.SnackbarContentLayout { <init>(...); }

# Referenced at res/layout/activity_facebook.xml:9
# Referenced at res/layout/toolbar.xml:3
-keep class android.support.design.widget.AppBarLayout { <init>(...); }

# Referenced at res/layout/design_text_input_password_icon.xml:18
-keep class android.support.design.widget.CheckableImageButton { <init>(...); }

# Referenced at res/layout/activity_auth.xml:2
# Referenced at res/layout/activity_facebook.xml:2
# Referenced at res/layout/activity_feedback.xml:20
# Referenced at res/layout/activity_splash.xml:2
# Referenced at res/layout/activity_web.xml:27
# Referenced at res/layout/content_web.xml:2
# Referenced at res/layout/design_bottom_sheet_dialog.xml:26
-keep class android.support.design.widget.CoordinatorLayout { <init>(...); }

# Referenced at res/layout/activity_feedback.xml:28
-keep class android.support.design.widget.FloatingActionButton { <init>(...); }

# Referenced at res/layout/navigation_view.xml:2
-keep class android.support.design.widget.NavigationView { <init>(...); }

# Referenced at res/layout-sw600dp-v13/design_layout_snackbar.xml:18
# Referenced at res/layout/design_layout_snackbar.xml:18
-keep class android.support.design.widget.Snackbar$SnackbarLayout { <init>(...); }

# Referenced at res/layout/activity_feedback.xml:3
# Referenced at res/layout/activity_web.xml:15
-keep class android.support.v4.widget.DrawerLayout { <init>(...); }

# Referenced at res/layout/abc_alert_dialog_material.xml:41
-keep class android.support.v4.widget.NestedScrollView { <init>(...); }

# Referenced at res/layout/abc_alert_dialog_button_bar_material.xml:43
# Referenced at res/layout/abc_alert_dialog_material.xml:52
# Referenced at res/layout/abc_alert_dialog_material.xml:66
# Referenced at res/layout/abc_alert_dialog_title_material.xml:56
-keep class android.support.v4.widget.Space { <init>(...); }

# Referenced at res/layout/content_web.xml:76
-keep class android.support.v4.widget.SwipeRefreshLayout { <init>(...); }

# Referenced at res/layout/abc_select_dialog_material.xml:23
-keep class android.support.v7.app.AlertController$RecycleListView { <init>(...); }

# Referenced at res/layout/abc_action_menu_item_layout.xml:17
-keep class android.support.v7.view.menu.ActionMenuItemView { <init>(...); }

# Referenced at res/layout/abc_expanded_menu_layout.xml:17
-keep class android.support.v7.view.menu.ExpandedMenuView { <init>(...); }

# Referenced at res/layout/abc_list_menu_item_layout.xml:17
# Referenced at res/layout/abc_popup_menu_item_layout.xml:17
-keep class android.support.v7.view.menu.ListMenuItemView { <init>(...); }

# Referenced at res/layout-v26/abc_screen_toolbar.xml:27
# Referenced at res/layout/abc_screen_toolbar.xml:27
-keep class android.support.v7.widget.ActionBarContainer { <init>(...); }

# Referenced at res/layout-v26/abc_screen_toolbar.xml:44
# Referenced at res/layout/abc_action_mode_bar.xml:19
# Referenced at res/layout/abc_screen_toolbar.xml:43
-keep class android.support.v7.widget.ActionBarContextView { <init>(...); }

# Referenced at res/layout-v26/abc_screen_toolbar.xml:17
# Referenced at res/layout/abc_screen_toolbar.xml:17
-keep class android.support.v7.widget.ActionBarOverlayLayout { <init>(...); }

# Referenced at res/layout/abc_action_menu_layout.xml:17
-keep class android.support.v7.widget.ActionMenuView { <init>(...); }

# Referenced at res/layout/abc_activity_chooser_view.xml:19
-keep class android.support.v7.widget.ActivityChooserView$InnerLayout { <init>(...); }

# Referenced at res/layout/abc_alert_dialog_material.xml:18
-keep class android.support.v7.widget.AlertDialogLayout { <init>(...); }

# Referenced at res/layout/com_facebook_device_auth_dialog_fragment.xml:45
# Referenced at res/layout/com_facebook_smart_device_dialog_fragment.xml:47
-keep class android.support.v7.widget.AppCompatImageView { <init>(...); }

# Referenced at res/layout/abc_alert_dialog_button_bar_material.xml:26
-keep class android.support.v7.widget.ButtonBarLayout { <init>(...); }

# Referenced at res/layout/com_facebook_device_auth_dialog_fragment.xml:22
# Referenced at res/layout/com_facebook_smart_device_dialog_fragment.xml:22
-keep class android.support.v7.widget.CardView { <init>(...); }

# Referenced at res/layout/abc_screen_content_include.xml:19
-keep class android.support.v7.widget.ContentFrameLayout { <init>(...); }

# Referenced at res/layout/abc_alert_dialog_title_material.xml:45
-keep class android.support.v7.widget.DialogTitle { <init>(...); }

# Referenced at res/layout/abc_screen_simple_overlay_action_mode.xml:23
-keep class android.support.v7.widget.FitWindowsFrameLayout { <init>(...); }

# Referenced at res/layout/abc_dialog_title_material.xml:22
# Referenced at res/layout/abc_screen_simple.xml:17
-keep class android.support.v7.widget.FitWindowsLinearLayout { <init>(...); }

# Referenced at res/layout/toolbar.xml:72
-keep class android.support.v7.widget.SearchView { <init>(...); }

# Referenced at res/layout/abc_search_view.xml:75
-keep class android.support.v7.widget.SearchView$SearchAutoComplete { <init>(...); }

# Referenced at res/layout/activity_facebook.xml:14
# Referenced at res/layout/toolbar.xml:13
# Referenced at res/layout-v26/abc_screen_toolbar.xml:37
# Referenced at res/layout/abc_screen_toolbar.xml:36
-keep class android.support.v7.widget.Toolbar { <init>(...); }

# Referenced at res/layout/abc_screen_simple.xml:25
# Referenced at res/layout/abc_screen_simple_overlay_action_mode.xml:32
-keep class android.support.v7.widget.ViewStubCompat { <init>(...); }

# Referenced at gmatclub/release/AndroidManifest.xml:31
-keep class com.deepinspire.gmatclub.Application { <init>(...); }

# Referenced at gmatclub/release/AndroidManifest.xml:94
-keep class com.deepinspire.gmatclub.auth.AuthActivity { <init>(...); }

# Referenced at gmatclub/release/AndroidManifest.xml:100
-keep class com.deepinspire.gmatclub.auth.FacebookActivity { <init>(...); }

# Referenced at gmatclub/release/AndroidManifest.xml:114
-keep class com.deepinspire.gmatclub.notifications.GCFirebaseInstanceIDService { <init>(...); }

# Referenced at gmatclub/release/AndroidManifest.xml:106
-keep class com.deepinspire.gmatclub.notifications.GCFirebaseMessagingService { <init>(...); }

# Referenced at gmatclub/release/AndroidManifest.xml:70
-keep class com.deepinspire.gmatclub.splash.SplashActivity { <init>(...); }

# Referenced at res/layout/content_web.xml:82
-keep class com.deepinspire.gmatclub.utils.GCWebView { <init>(...); }

# Referenced at gmatclub/release/AndroidManifest.xml:82
-keep class com.deepinspire.gmatclub.web.WebActivity { <init>(...); }

# Referenced at gmatclub/release/AndroidManifest.xml:262
-keep class com.facebook.CurrentAccessTokenExpirationBroadcastReceiver { <init>(...); }

# Referenced at gmatclub/release/AndroidManifest.xml:58
-keep class com.facebook.CustomTabActivity { <init>(...); }

# Referenced at gmatclub/release/AndroidManifest.xml:148
-keep class com.facebook.CustomTabMainActivity { <init>(...); }

# Referenced at gmatclub/release/AndroidManifest.xml:53
-keep class com.facebook.FacebookActivity { <init>(...); }

# Referenced at gmatclub/release/AndroidManifest.xml:257
-keep class com.facebook.internal.FacebookInitProvider { <init>(...); }

# Referenced at res/layout/content_facebook.xml:12
-keep class com.facebook.login.widget.LoginButton { <init>(...); }

# Referenced at gmatclub/release/AndroidManifest.xml:244
-keep class com.facebook.marketing.internal.MarketingInitProvider { <init>(...); }

# Referenced at gmatclub/release/AndroidManifest.xml:153
-keep class com.firebase.jobdispatcher.GooglePlayReceiver { <init>(...); }

# Referenced at res/layout/activity_web.xml:66
# Referenced at res/layout/activity_web.xml:78
# Referenced at res/layout/activity_web.xml:90
# Referenced at res/layout/activity_web.xml:102
-keep class com.github.clans.fab.FloatingActionButton { <init>(...); }

# Referenced at res/layout/activity_web.xml:47
-keep class com.github.clans.fab.FloatingActionMenu { <init>(...); }

# Referenced at gmatclub/release/AndroidManifest.xml:132
-keep class com.google.android.gms.auth.api.signin.RevocationBoundService { <init>(...); }

# Referenced at gmatclub/release/AndroidManifest.xml:123
-keep class com.google.android.gms.auth.api.signin.internal.SignInHubActivity { <init>(...); }

# Referenced at gmatclub/release/AndroidManifest.xml:229
-keep class com.google.android.gms.common.api.GoogleApiActivity { <init>(...); }

# Referenced at gmatclub/release/AndroidManifest.xml:187
-keep class com.google.android.gms.measurement.AppMeasurementInstallReferrerReceiver { <init>(...); }

# Referenced at gmatclub/release/AndroidManifest.xml:201
-keep class com.google.android.gms.measurement.AppMeasurementJobService { <init>(...); }

# Referenced at gmatclub/release/AndroidManifest.xml:182
-keep class com.google.android.gms.measurement.AppMeasurementReceiver { <init>(...); }

# Referenced at gmatclub/release/AndroidManifest.xml:197
-keep class com.google.android.gms.measurement.AppMeasurementService { <init>(...); }

# Referenced at gmatclub/release/AndroidManifest.xml:162
-keep class com.google.firebase.auth.internal.FederatedSignInActivity { <init>(...); }

# Referenced at gmatclub/release/AndroidManifest.xml:170
-keep class com.google.firebase.components.ComponentDiscoveryService { <init>(...); }

# Referenced at gmatclub/release/AndroidManifest.xml:207
-keep class com.google.firebase.iid.FirebaseInstanceIdReceiver { <init>(...); }

# Referenced at gmatclub/release/AndroidManifest.xml:221
-keep class com.google.firebase.iid.FirebaseInstanceIdService { <init>(...); }

# Referenced at gmatclub/release/AndroidManifest.xml:140
-keep class com.google.firebase.messaging.FirebaseMessagingService { <init>(...); }

# Referenced at gmatclub/release/AndroidManifest.xml:234
-keep class com.google.firebase.provider.FirebaseInitProvider { <init>(...); }

# Referenced at res/layout/navigation_view.xml:25
# Referenced at res/layout/navigation_view.xml:34
# Referenced at res/layout/navigation_view.xml:70
# Referenced at res/layout/navigation_view.xml:107
# Referenced at res/layout/navigation_view.xml:114
# Referenced at res/layout/navigation_view.xml:121
# Referenced at res/layout/navigation_view.xml:128
# Referenced at res/layout/navigation_view.xml:135
# Referenced at res/layout/navigation_view.xml:142
# Referenced at res/layout/navigation_view.xml:149
# Referenced at res/layout/navigation_view.xml:156
-keepclassmembers class * { *** goByMenu(...); }