app/build/outputs/mapping/gmatclub/release/seeds.txt
com.deepinspire.gmatclub.Application
com.deepinspire.gmatclub.Application: Application()
com.deepinspire.gmatclub.R$anim: int abc_fade_in
com.deepinspire.gmatclub.R$anim: int abc_fade_out
com.deepinspire.gmatclub.R$anim: int abc_grow_fade_in_from_bottom
com.deepinspire.gmatclub.R$anim: int abc_popup_enter
com.deepinspire.gmatclub.R$anim: int abc_popup_exit
com.deepinspire.gmatclub.R$anim: int abc_shrink_fade_out_from_bottom
com.deepinspire.gmatclub.R$anim: int abc_slide_in_bottom
com.deepinspire.gmatclub.R$anim: int abc_slide_in_top
com.deepinspire.gmatclub.R$anim: int abc_slide_out_bottom
com.deepinspire.gmatclub.R$anim: int abc_slide_out_top
com.deepinspire.gmatclub.R$anim: int design_bottom_sheet_slide_in
com.deepinspire.gmatclub.R$anim: int design_bottom_sheet_slide_out
com.deepinspire.gmatclub.R$anim: int design_snackbar_in
com.deepinspire.gmatclub.R$anim: int design_snackbar_out
com.deepinspire.gmatclub.R$anim: int fab_scale_down
com.deepinspire.gmatclub.R$anim: int fab_scale_up
com.deepinspire.gmatclub.R$anim: int fab_slide_in_from_left
com.deepinspire.gmatclub.R$anim: int fab_slide_in_from_right
com.deepinspire.gmatclub.R$anim: int fab_slide_out_to_left
com.deepinspire.gmatclub.R$anim: int fab_slide_out_to_right
com.deepinspire.gmatclub.R$anim: int tooltip_enter
com.deepinspire.gmatclub.R$anim: int tooltip_exit
com.deepinspire.gmatclub.R$animator: int design_appbar_state_list_animator
com.deepinspire.gmatclub.R$attr: int actionBarDivider
com.deepinspire.gmatclub.R$attr: int actionBarItemBackground
com.deepinspire.gmatclub.R$attr: int actionBarPopupTheme
com.deepinspire.gmatclub.R$attr: int actionBarSize
com.deepinspire.gmatclub.R$attr: int actionBarSplitStyle
com.deepinspire.gmatclub.R$attr: int actionBarStyle
com.deepinspire.gmatclub.R$attr: int actionBarTabBarStyle
com.deepinspire.gmatclub.R$attr: int actionBarTabStyle
com.deepinspire.gmatclub.R$attr: int actionBarTabTextStyle
com.deepinspire.gmatclub.R$attr: int actionBarTheme
com.deepinspire.gmatclub.R$attr: int actionBarWidgetTheme
com.deepinspire.gmatclub.R$attr: int actionButtonStyle
com.deepinspire.gmatclub.R$attr: int actionDropDownStyle
com.deepinspire.gmatclub.R$attr: int actionLayout
com.deepinspire.gmatclub.R$attr: int actionMenuTextAppearance
com.deepinspire.gmatclub.R$attr: int actionMenuTextColor
com.deepinspire.gmatclub.R$attr: int actionModeBackground
com.deepinspire.gmatclub.R$attr: int actionModeCloseButtonStyle
com.deepinspire.gmatclub.R$attr: int actionModeCloseDrawable
com.deepinspire.gmatclub.R$attr: int actionModeCopyDrawable
com.deepinspire.gmatclub.R$attr: int actionModeCutDrawable
com.deepinspire.gmatclub.R$attr: int actionModeFindDrawable
com.deepinspire.gmatclub.R$attr: int actionModePasteDrawable
com.deepinspire.gmatclub.R$attr: int actionModePopupWindowStyle
com.deepinspire.gmatclub.R$attr: int actionModeSelectAllDrawable
com.deepinspire.gmatclub.R$bool: int abc_action_bar_embed_tabs
com.deepinspire.gmatclub.R$bool: int abc_allow_stacked_button_bar
com.deepinspire.gmatclub.R$bool: int abc_config_actionMenuItemAllCaps
com.deepinspire.gmatclub.R$bool: int abc_config_closeDialogWhenTouchOutside
com.deepinspire.gmatclub.R$bool: int abc_config_showMenuShortcutsWhenKeyboardPresent
...
com.google.android.gms.auth.api.R$color: int common_google_signin_btn_text_dark
com.google.android.gms.auth.api.R$color: int common_google_signin_btn_text_dark_default
com.google.android.gms.auth.api.R$color: int common_google_signin_btn_text_dark_disabled
com.google.android.gms.auth.api.R$color: int common_google_signin_btn_text_dark_focused
com.google.android.gms.auth.api.R$color: int common_google_signin_btn_text_dark_pressed
com.google.android.gms.auth.api.R$color: int common_google_signin_btn_text_light
com.google.android.gms.auth.api.R$color: int common_google_signin_btn_text_light_default
com.google.android.gms.auth.api.R$color: int common_google_signin_btn_text_light_disabled
com.google.android.gms.auth.api.R$color: int common_google_signin_btn_text_light_focused
com.google.android.gms.auth.api.R$color: int common_google_signin_btn_text_light_pressed
com.google.android.gms.auth.api.R$color: int common_google_signin_btn_tint
com.google.android.gms.auth.api.R$drawable: int common_full_open_on_phone
com.google.android.gms.auth.api.R$drawable: int common_google_signin_btn_icon_dark
com.google.android.gms.auth.api.R$drawable: int common_google_signin_btn_icon_dark_focused
com.google.android.gms.auth.api.R$drawable: int common_google_signin_btn_icon_dark_normal
com.google.android.gms.auth.api.R$drawable: int common_google_signin_btn_icon_dark_normal_background
com.google.android.gms.auth.api.R$drawable: int common_google_signin_btn_icon_disabled
com.google.android.gms.auth.api.R$drawable: int common_google_signin_btn_icon_light
com.google.android.gms.auth.api.R$drawable: int common_google_signin_btn_icon_light_focused
com.google.android.gms.auth.api.R$drawable: int common_google_signin_btn_icon_light_normal
com.google.android.gms.auth.api.R$drawable: int common_google_signin_btn_icon_light_normal_background
com.google.android.gms.auth.api.R$drawable: int common_google_signin_btn_text_dark
com.google.android.gms.auth.api.R$drawable: int common_google_signin_btn_text_dark_focused
com.google.android.gms.auth.api.R$drawable: int common_google_signin_btn_text_dark_normal
com.google.android.gms.auth.api.R$drawable: int common_google_signin_btn_text_dark_normal_background
com.google.android.gms.auth.api.R$drawable: int common_google_signin_btn_text_disabled
com.google.android.gms.auth.api.R$drawable: int common_google_signin_btn_text_light
com.google.android.gms.auth.api.R$id: int adjust_height
com.google.android.gms.auth.api.R$id: int adjust_width
com.google.android.gms.auth.api.R$id: int auto
com.google.android.gms.auth.api.R$id: int dark
com.google.android.gms.auth.api.R$id: int icon_only
com.google.android.gms.auth.api.R$id: int light
com.google.android.gms.auth.api.R$id: int none
com.google.android.gms.auth.api.R$id: int standard
com.google.android.gms.auth.api.R$id: int wide
com.google.android.gms.auth.api.R$integer: int google_play_services_version