app/build/outputs/mapping/gmatclub/release/mapping.txt
com.deepinspire.gmatclub.Application -> com.deepinspire.gmatclub.Application:
    void <init>() -> <init>
    void onCreate() -> onCreate
    void initApplication() -> a
com.deepinspire.gmatclub.api.AddCookiesInterceptor -> com.deepinspire.gmatclub.a.a:
    void <init>() -> <init>
    okhttp3.Response intercept(okhttp3.Interceptor$Chain) -> a
com.deepinspire.gmatclub.api.Api -> com.deepinspire.gmatclub.a.b:
    java.lang.String DOMAIN -> a
    java.lang.String HOME_URL -> b
    java.lang.String FORUM_URL -> c
    java.lang.String FORUM_LOGIN_URL -> d
    java.lang.String FORUM_FORGOT_PASSWORD_URL -> e
    java.lang.String FORUM_REGISTER_URL -> f
    java.lang.String FORUM_NOTIFICATIONS -> g
    java.lang.String PROFILE -> h
    java.lang.String FORUM_GET_NOTIFICATIONS_JSON -> i
    java.lang.String FORUM_UPDATE_NOTIFICATIONS -> j
    java.lang.String TESTS_URL -> k
    java.lang.String TEST_URL -> l
    java.lang.String PRACTICE_URL -> m
    java.lang.String DEALS_URL -> n
    java.lang.String REVIEWS_URL -> o
    java.lang.String CHAT_URL -> p
    java.lang.String UCP_URL -> q
    java.lang.String UCP_MY_POSTS_URL -> r
    java.lang.String UCP_MY_BOOKMARKS_URL -> s
    java.lang.String UCP_MY_ERROR_LOG_URL -> t
    java.lang.String UCP_MY_SETTINGS_URL -> u
    java.lang.String UCP_FORUM_SETTINGS_URL -> v
    java.lang.String PM_URL -> w
    java.lang.String PM_NEW_URL -> x
    java.lang.String FORUM_SEARCH -> y
    java.lang.String FORUM_SEARCH_MY_POSTS -> z
    java.lang.String FORUM_SEARCH_UNANSWERED -> A
    java.lang.String FORUM_SEARCH_NEW_POSTS -> B
    java.lang.String FORUM_NEW_POSTS -> C
    java.lang.String FORUM_GOOGLE_SEARCH -> D
    java.lang.String FORUM_ADD_NEW_SCHOOL -> E
    void <clinit>() -> <clinit>
com.deepinspire.gmatclub.api.ApiClient -> com.deepinspire.gmatclub.a.c:
    retrofit2.Retrofit retrofit -> a
    void <init>() -> <init>
    retrofit2.Retrofit getClient() -> a
    void <clinit>() -> <clinit>
com.deepinspire.gmatclub.api.ApiInterface -> com.deepinspire.gmatclub.a.d:
    retrofit2.Call signIn(java.lang.String,java.util.Map) -> a
    retrofit2.Call forgotPassword(java.lang.String,java.util.Map) -> b
    retrofit2.Call signInSocial(java.util.Map,java.util.Map,java.util.Map) -> a
    retrofit2.Call register(java.lang.String,java.util.Map,java.util.Map) -> a
    retrofit2.Call updateNotify(java.lang.String,java.util.Map) -> c
    retrofit2.Call getNotifications(java.lang.String,java.util.Map) -> d
com.deepinspire.gmatclub.api.AuthException -> com.deepinspire.gmatclub.a.e:
    java.lang.String type -> a
    java.lang.String message -> b
    java.lang.String action -> c
    void <init>(java.lang.Exception,java.lang.String) -> <init>
    void <init>(java.lang.Exception,java.lang.String,java.lang.String) -> <init>
    java.lang.String getType() -> a
    java.lang.String getMessage() -> getMessage
    void setAction(java.lang.String) -> a
    java.lang.String getAction() -> b
com.deepinspire.gmatclub.api.ReceivedCookiesInterceptor -> com.deepinspire.gmatclub.a.f:
    void <init>() -> <init>
    okhttp3.Response intercept(okhttp3.Interceptor$Chain) -> a
...
android.support.v7.app.WindowDecorActionBar$3 -> android.support.v7.app.r$3:
    android.support.v7.app.WindowDecorActionBar this$0 -> a
    void <init>(android.support.v7.app.WindowDecorActionBar) -> <init>
    void onAnimationUpdate(android.view.View) -> a
android.support.v7.app.WindowDecorActionBar$ActionModeImpl -> android.support.v7.app.r$a:
    android.content.Context mActionModeContext -> b
    android.support.v7.view.menu.MenuBuilder mMenu -> c
    android.support.v7.view.ActionMode$Callback mCallback -> d
    java.lang.ref.WeakReference mCustomView -> e
    android.support.v7.app.WindowDecorActionBar this$0 -> a
    void <init>(android.support.v7.app.WindowDecorActionBar,android.content.Context,android.support.v7.view.ActionMode$Callback) -> <init>
    android.view.MenuInflater getMenuInflater() -> a
    android.view.Menu getMenu() -> b
    void finish() -> c
    void invalidate() -> d
    boolean dispatchOnCreate() -> e
    void setCustomView(android.view.View) -> a
    void setSubtitle(java.lang.CharSequence) -> a
    void setTitle(java.lang.CharSequence) -> b
    void setTitle(int) -> a
    void setSubtitle(int) -> b
    java.lang.CharSequence getTitle() -> f
    java.lang.CharSequence getSubtitle() -> g
    void setTitleOptionalHint(boolean) -> a
    boolean isTitleOptional() -> h
    android.view.View getCustomView() -> i
    boolean onMenuItemSelected(android.support.v7.view.menu.MenuBuilder,android.view.MenuItem) -> a
    void onMenuModeChange(android.support.v7.view.menu.MenuBuilder) -> a
android.support.v7.appcompat.R -> android.support.v7.a.a:
android.support.v7.appcompat.R$attr -> android.support.v7.a.a$a:
    int actionBarDivider -> actionBarDivider
    int actionBarItemBackground -> actionBarItemBackground
    int actionBarPopupTheme -> actionBarPopupTheme
    int actionBarSize -> actionBarSize
    int actionBarSplitStyle -> actionBarSplitStyle
    int actionBarStyle -> actionBarStyle
    int actionBarTabBarStyle -> actionBarTabBarStyle
    int actionBarTabStyle -> actionBarTabStyle
    int actionBarTabTextStyle -> actionBarTabTextStyle
    int actionBarTheme -> actionBarTheme
    int actionBarWidgetTheme -> actionBarWidgetTheme
    int actionButtonStyle -> actionButtonStyle
    int actionDropDownStyle -> actionDropDownStyle
    int actionLayout -> actionLayout
    int actionMenuTextAppearance -> actionMenuTextAppearance
    int actionMenuTextColor -> actionMenuTextColor
    int actionModeBackground -> actionModeBackground
    int actionModeCloseButtonStyle -> actionModeCloseButtonStyle
    int actionModeCloseDrawable -> actionModeCloseDrawable
    int actionModeCopyDrawable -> actionModeCopyDrawable
    int actionModeCutDrawable -> actionModeCutDrawable
    int actionModeFindDrawable -> actionModeFindDrawable
    int actionModePasteDrawable -> actionModePasteDrawable
    int actionModePopupWindowStyle -> actionModePopupWindowStyle
    int actionModeSelectAllDrawable -> actionModeSelectAllDrawable
    int actionModeShareDrawable -> actionModeShareDrawable
android.support.v7.appcompat.R$bool -> android.support.v7.a.a$b:
    int abc_action_bar_embed_tabs -> abc_action_bar_embed_tabs
    int abc_allow_stacked_button_bar -> abc_allow_stacked_button_bar
    int abc_config_actionMenuItemAllCaps -> abc_config_actionMenuItemAllCaps
    int abc_config_closeDialogWhenTouchOutside -> abc_config_closeDialogWhenTouchOutside
    int abc_config_showMenuShortcutsWhenKeyboardPresent -> abc_config_showMenuShortcutsWhenKeyboardPresent