app/build/outputs/mapping/gmatclub/release/usage.txt
com.deepinspire.gmatclub.BuildConfig
com.deepinspire.gmatclub.GCConfig
com.deepinspire.gmatclub.IBasePresenter
com.deepinspire.gmatclub.IBaseView
com.deepinspire.gmatclub.Manifest
com.deepinspire.gmatclub.Manifest$permission
com.deepinspire.gmatclub.R
com.deepinspire.gmatclub.R$anim
com.deepinspire.gmatclub.R$animator
com.deepinspire.gmatclub.R$attr
com.deepinspire.gmatclub.R$bool
com.deepinspire.gmatclub.R$color
com.deepinspire.gmatclub.R$dimen
com.deepinspire.gmatclub.R$drawable
com.deepinspire.gmatclub.R$font
com.deepinspire.gmatclub.R$id
com.deepinspire.gmatclub.R$integer
com.deepinspire.gmatclub.R$layout
com.deepinspire.gmatclub.R$menu
com.deepinspire.gmatclub.R$mipmap
com.deepinspire.gmatclub.R$string
com.deepinspire.gmatclub.R$style
com.deepinspire.gmatclub.R$styleable
com.deepinspire.gmatclub.api.APIError
com.deepinspire.gmatclub.api.Api:
    public static final java.lang.String FORUM_PREFS_NAME
    public static final java.lang.String EMAIL
    public static final java.lang.String PASSWORD
    public static final java.lang.String COOKIES
    9:9:public Api()
com.deepinspire.gmatclub.api.ApiClient:
    53:73:public retrofit2.Retrofit getClient(java.lang.String)
com.deepinspire.gmatclub.api.ApiInterface:
    public abstract retrofit2.Call getToken(java.util.Map)
com.deepinspire.gmatclub.api.AuthException:
    9:15:public AuthException(java.lang.Exception)
com.deepinspire.gmatclub.api.ErrorUtils
com.deepinspire.gmatclub.api.HttpBinResponse
com.deepinspire.gmatclub.auth.AuthActivity:
    280:316:public void parseToken(android.content.Intent)
    71:71:public bridge synthetic void setPresenter(java.lang.Object)
com.deepinspire.gmatclub.auth.AuthActivity$2
com.deepinspire.gmatclub.auth.AuthPresenter:
    26:26:public void start()
    77:90:public void getTokenInfo(java.lang.String)
    93:93:public boolean isOnline()
com.deepinspire.gmatclub.auth.AuthPresenter$4
com.deepinspire.gmatclub.auth.FacebookActivity:
    private static final java.lang.String EMAIL
com.deepinspire.gmatclub.auth.IAuthContract$Presenter:
    public abstract void getTokenInfo(java.lang.String)
    public abstract boolean isOnline()
com.deepinspire.gmatclub.notifications.GCFirebaseInstanceIDService:
    13:14:public void onTokenRefresh()
com.deepinspire.gmatclub.notifications.Notifications:
    private static final int LIMIT
com.deepinspire.gmatclub.storage.DeviceInfo
com.deepinspire.gmatclub.storage.Injection:
    9:9:public Injection()
com.deepinspire.gmatclub.storage.Repository:
    private static final java.lang.String APP_PREFERENCES
    505:555:public void getTokenInfo(java.lang.String,com.deepinspire.gmatclub.storage.IStorage$ICallbackAuth)
    737:742:public boolean isOnline()
com.deepinspire.gmatclub.storage.Repository$6
com.deepinspire.gmatclub.storage.Repository$6$1
com.deepinspire.gmatclub.storage.UserData
com.deepinspire.gmatclub.utils.GCWebView:
    81:81:public boolean isLoading()
    85:86:public void isLoading(boolean)
com.deepinspire.gmatclub.utils.Validator:
    9:9:public Validator()
com.deepinspire.gmatclub.utils.ViewHelper:
    30:30:public ViewHelper()
    450:480:public static void showErrorDialog(com.deepinspire.gmatclub.auth.AuthActivity)
com.deepinspire.gmatclub.utils.ViewHelper$27
com.deepinspire.gmatclub.utils.ViewHelper$28
com.deepinspire.gmatclub.web.IWebContract$Presenter:
    public abstract void setCountUnwatchedNotifications(int)
    public abstract void setCountUnwatchedPMs(int)
    public abstract void setNotifications(java.lang.String)
    public abstract boolean checkAccessNetwork()
com.deepinspire.gmatclub.web.IWebContract$View:
    public abstract void goPreviousActivity()
    public abstract void tryAgain()
    public abstract void openDeviceSettings()
...
com.google.zxing.client.result.VCardResultParser
com.google.zxing.client.result.VEventResultParser
com.google.zxing.client.result.VINParsedResult
com.google.zxing.client.result.VINResultParser
com.google.zxing.client.result.WifiParsedResult
com.google.zxing.client.result.WifiResultParser
com.google.zxing.common.BitArray:
    36:39:public BitArray(int)
    77:78:public void set(int)
    86:87:public void flip(int)
    96:110:public int getNextSet(int)
    119:133:public int getNextUnset(int)
    144:145:public void setBulk(int,int)
    154:170:public void setRange(int,int)
    176:180:public void clear()
    192:213:public boolean isRange(int,int,boolean)
    287:287:public int[] getBitArray()
    294:320:public void reverse()
com.google.zxing.common.BitMatrix:
    66:119:public static com.google.zxing.common.BitMatrix parse(java.lang.String,java.lang.String,java.lang.String)
    146:148:public void unset(int,int)
    157:159:public void flip(int,int)
    168:180:public void xor(com.google.zxing.common.BitMatrix)
    229:238:public com.google.zxing.common.BitArray getRow(int,com.google.zxing.common.BitArray)
    246:247:public void setRow(int,com.google.zxing.common.BitArray)
    253:265:public void rotate180()
    273:314:public int[] getEnclosingRectangle()
    323:339:public int[] getTopLeftOnBit()
    343:361:public int[] getBottomRightOnBit()
    382:382:public int getRowSize()
    431:431:public java.lang.String toString(java.lang.String,java.lang.String,java.lang.String)
com.google.zxing.common.BitSource
com.google.zxing.common.CharacterSetECI:
    103:106:public static com.google.zxing.common.CharacterSetECI getCharacterSetECIByValue(int)
com.google.zxing.common.DecoderResult
com.google.zxing.common.DefaultGridSampler
com.google.zxing.common.DetectorResult
com.google.zxing.common.GlobalHistogramBinarizer
com.google.zxing.common.GridSampler
com.google.zxing.common.HybridBinarizer
com.google.zxing.common.PerspectiveTransform
com.google.zxing.common.StringUtils
com.google.zxing.common.detector.MathUtils
com.google.zxing.common.detector.MonochromeRectangleDetector
com.google.zxing.common.detector.WhiteRectangleDetector
com.google.zxing.common.reedsolomon.GenericGF:
    89:89:com.google.zxing.common.reedsolomon.GenericGFPoly getOne()
    154:154:public int getSize()
com.google.zxing.common.reedsolomon.GenericGFPoly:
    98:115:int evaluateAt(int)
    171:182:com.google.zxing.common.reedsolomon.GenericGFPoly multiply(int)
com.google.zxing.common.reedsolomon.ReedSolomonDecoder
com.google.zxing.common.reedsolomon.ReedSolomonException
com.google.zxing.datamatrix.DataMatrixReader
com.google.zxing.datamatrix.DataMatrixWriter:
    43:43:public com.google.zxing.common.BitMatrix encode(java.lang.String,com.google.zxing.BarcodeFormat,int,int)
com.google.zxing.datamatrix.decoder.BitMatrixParser
com.google.zxing.datamatrix.decoder.DataBlock
com.google.zxing.datamatrix.decoder.DecodedBitStreamParser
com.google.zxing.datamatrix.decoder.DecodedBitStreamParser$1
com.google.zxing.datamatrix.decoder.DecodedBitStreamParser$Mode
com.google.zxing.datamatrix.decoder.Decoder
com.google.zxing.datamatrix.decoder.Version
com.google.zxing.datamatrix.decoder.Version$1
com.google.zxing.datamatrix.decoder.Version$ECB
com.google.zxing.datamatrix.decoder.Version$ECBlocks
com.google.zxing.datamatrix.detector.Detector
com.google.zxing.datamatrix.detector.Detector$1
com.google.zxing.datamatrix.detector.Detector$ResultPointsAndTransitions
com.google.zxing.datamatrix.detector.Detector$ResultPointsAndTransitionsComparator
com.google.zxing.datamatrix.encoder.DefaultPlacement:
    47:47:final int getNumrows()
    51:51:final int getNumcols()
    55:55:final byte[] getBits()
com.google.zxing.datamatrix.encoder.Encoder:
    public abstract int getEncodingMode()
com.google.zxing.datamatrix.encoder.EncoderContext:
    74:74:public char getCurrent()